<?xml version="1.0" encoding="UTF-8"?>
<testsuite xmlns:xsi="http://www.w3.org/2001/XMLSchema-instance" xsi:noNamespaceSchemaLocation="https://maven.apache.org/surefire/maven-surefire-plugin/xsd/surefire-test-report.xsd" version="3.0.2" name="com.lzconsorcio2.test2.Test2ApplicationTests" time="5.184" tests="1" errors="0" skipped="0" failures="0">
  <properties>
[...]
</properties>
  <testcase name="contextLoads" classname="com.lzconsorcio2.test2.Test2ApplicationTests" time="0.312">
    <system-out><![CDATA[00:27:02.808 [main] INFO org.springframework.test.context.support.AnnotationConfigContextLoaderUtils -- Could not detect default configuration classes for test class [com.lzconsorcio2.test2.Test2ApplicationTests]: Test2ApplicationTests does not declare any static, non-private, non-final, nested classes annotated with @Configuration.
00:27:02.905 [main] INFO org.springframework.boot.test.context.SpringBootTestContextBootstrapper -- Found @SpringBootConfiguration com.lzconsorcio2.test2.Test2Application for test class com.lzconsorcio2.test2.Test2ApplicationTests

  .   ____          _            __ _ _
 /\\ / ___'_ __ _ _(_)_ __  __ _ \ \ \ \
( ( )\___ | '_ | '_| | '_ \/ _` | \ \ \ \
 \\/  ___)| |_)| | | | | || (_| |  ) ) ) )
  '  |____| .__|_| |_|_| |_\__, | / / / /
 =========|_|==============|___/=/_/_/_/

 :: Spring Boot ::                (v3.5.5)

2025-09-26T00:27:03.343-05:00  INFO 7896 --- [test2] [           main] c.l.test2.Test2ApplicationTests          : Starting Test2ApplicationTests using Java 22.0.2 with PID 7896 (started by Luis in D:\javaBackend\test2)
2025-09-26T00:27:03.344-05:00  INFO 7896 --- [test2] [           main] c.l.test2.Test2ApplicationTests          : No active profile set, falling back to 1 default profile: "default"
2025-09-26T00:27:04.022-05:00  INFO 7896 --- [test2] [           main] .s.d.r.c.RepositoryConfigurationDelegate : Bootstrapping Spring Data JPA repositories in DEFAULT mode.
2025-09-26T00:27:04.074-05:00  INFO 7896 --- [test2] [           main] .s.d.r.c.RepositoryConfigurationDelegate : Finished Spring Data repository scanning in 43 ms. Found 4 JPA repository interfaces.
2025-09-26T00:27:04.458-05:00  INFO 7896 --- [test2] [           main] o.hibernate.jpa.internal.util.LogHelper  : HHH000204: Processing PersistenceUnitInfo [name: default]
2025-09-26T00:27:04.516-05:00  INFO 7896 --- [test2] [           main] org.hibernate.Version                    : HHH000412: Hibernate ORM core version 6.6.26.Final
2025-09-26T00:27:04.550-05:00  INFO 7896 --- [test2] [           main] o.h.c.internal.RegionFactoryInitiator    : HHH000026: Second-level cache disabled
2025-09-26T00:27:04.855-05:00  INFO 7896 --- [test2] [           main] o.s.o.j.p.SpringPersistenceUnitInfo      : No LoadTimeWeaver setup: ignoring JPA class transformer
2025-09-26T00:27:04.886-05:00  INFO 7896 --- [test2] [           main] com.zaxxer.hikari.HikariDataSource       : HikariPool-1 - Starting...
2025-09-26T00:27:05.043-05:00  INFO 7896 --- [test2] [           main] com.zaxxer.hikari.pool.HikariPool        : HikariPool-1 - Added connection com.mysql.cj.jdbc.ConnectionImpl@44aed6a4
2025-09-26T00:27:05.044-05:00  INFO 7896 --- [test2] [           main] com.zaxxer.hikari.HikariDataSource       : HikariPool-1 - Start completed.
2025-09-26T00:27:05.123-05:00  INFO 7896 --- [test2] [           main] org.hibernate.orm.connections.pooling    : HHH10001005: Database info:
	Database JDBC URL [Connecting through datasource 'HikariDataSource (HikariPool-1)']
	Database driver: undefined/unknown
	Database version: 9.4
	Autocommit mode: undefined/unknown
	Isolation level: undefined/unknown
	Minimum pool size: undefined/unknown
	Maximum pool size: undefined/unknown
2025-09-26T00:27:05.832-05:00  INFO 7896 --- [test2] [           main] o.h.e.t.j.p.i.JtaPlatformInitiator       : HHH000489: No JTA platform available (set 'hibernate.transaction.jta.platform' to enable JTA platform integration)
2025-09-26T00:27:05.898-05:00  INFO 7896 --- [test2] [           main] j.LocalContainerEntityManagerFactoryBean : Initialized JPA EntityManagerFactory for persistence unit 'default'
2025-09-26T00:27:06.164-05:00  INFO 7896 --- [test2] [           main] o.s.d.j.r.query.QueryEnhancerFactory     : Hibernate is in classpath; If applicable, HQL parser will be used.
2025-09-26T00:27:07.054-05:00  WARN 7896 --- [test2] [           main] JpaBaseConfiguration$JpaWebConfiguration : spring.jpa.open-in-view is enabled by default. Therefore, database queries may be performed during view rendering. Explicitly configure spring.jpa.open-in-view to disable this warning
2025-09-26T00:27:07.384-05:00  INFO 7896 --- [test2] [           main] c.l.test2.Test2ApplicationTests          : Started Test2ApplicationTests in 4.343 seconds (process running for 5.358)
2025-09-26T00:27:07.387-05:00  INFO 7896 --- [test2] [           main] c.l.test2.config.DataInitializer         : ? === INICIANDO CARGA DE DATOS POR DEFECTO ===
2025-09-26T00:27:07.387-05:00  INFO 7896 --- [test2] [           main] c.l.test2.config.DataInitializer         : ? Verificando conexi�n a la base de datos...
Hibernate: select count(*) from usuario u1_0
2025-09-26T00:27:07.455-05:00  INFO 7896 --- [test2] [           main] c.l.test2.config.DataInitializer         : ? Usuarios actuales en la BD: 0
2025-09-26T00:27:07.456-05:00  INFO 7896 --- [test2] [           main] c.l.test2.config.DataInitializer         : ? Buscando admin con email: admin@gmail.com
Hibernate: select u1_0.id_usuario from usuario u1_0 where u1_0.email=? limit ?
2025-09-26T00:27:07.502-05:00  INFO 7896 --- [test2] [           main] c.l.test2.config.DataInitializer         : �Existe admin? false
2025-09-26T00:27:07.502-05:00  INFO 7896 --- [test2] [           main] c.l.test2.config.DataInitializer         : ??? Creando nuevo administrador...
2025-09-26T00:27:07.502-05:00  INFO 7896 --- [test2] [           main] c.l.test2.config.DataInitializer         : ? Guardando admin en la base de datos...
Hibernate: insert into usuario (created_at,email,is_admin,name,password,updated_at) values (?,?,?,?,?,?)
2025-09-26T00:27:07.541-05:00  INFO 7896 --- [test2] [           main] c.l.test2.config.DataInitializer         : ? ADMIN CREADO EXITOSAMENTE:
2025-09-26T00:27:07.541-05:00  INFO 7896 --- [test2] [           main] c.l.test2.config.DataInitializer         :    - ID: 1
2025-09-26T00:27:07.541-05:00  INFO 7896 --- [test2] [           main] c.l.test2.config.DataInitializer         :    - Name: Administrador
2025-09-26T00:27:07.541-05:00  INFO 7896 --- [test2] [           main] c.l.test2.config.DataInitializer         :    - Email: admin@gmail.com
2025-09-26T00:27:07.541-05:00  INFO 7896 --- [test2] [           main] c.l.test2.config.DataInitializer         :    - Password: admin
2025-09-26T00:27:07.541-05:00  INFO 7896 --- [test2] [           main] c.l.test2.config.DataInitializer         :    - IsAdmin: true
2025-09-26T00:27:07.541-05:00  INFO 7896 --- [test2] [           main] c.l.test2.config.DataInitializer         :    - Created: 2025-09-26T00:27:07.508051600
Hibernate: select count(*) from usuario u1_0
2025-09-26T00:27:07.548-05:00  INFO 7896 --- [test2] [           main] c.l.test2.config.DataInitializer         : ? Total usuarios despu�s de inicializaci�n: 1
2025-09-26T00:27:07.548-05:00  INFO 7896 --- [test2] [           main] c.l.test2.config.DataInitializer         : ? === DATOS POR DEFECTO CARGADOS EXITOSAMENTE ===
]]></system-out>
    <system-err><![CDATA[Mockito is currently self-attaching to enable the inline-mock-maker. This will no longer work in future releases of the JDK. Please add Mockito as an agent to your build as described in Mockito's documentation: https://javadoc.io/doc/org.mockito/mockito-core/latest/org.mockito/org/mockito/Mockito.html#0.3
WARNING: A Java agent has been loaded dynamically (C:\Users\Luis\.m2\repository\net\bytebuddy\byte-buddy-agent\1.17.7\byte-buddy-agent-1.17.7.jar)
WARNING: If a serviceability tool is in use, please run with -XX:+EnableDynamicAgentLoading to hide this warning
WARNING: If a serviceability tool is not in use, please run with -Djdk.instrument.traceUsage for more information
WARNING: Dynamic loading of agents will be disallowed by default in a future release
]]></system-err>
  </testcase>
</testsuite>